+----------------------------------------------------------------+
|                        Systemleistungen                        |
+----------------------------------------------------------------+
| Akt. Syszeit       | 09:01:09
| Akt. Syslaufzeit   | up 42 minutes
| Speicher           | 953G
| Davon genutzt      | 149G
| Hostname           | Tims-Notebook
| IPv4               | 172.18.11.157
| OS Name            | Linux
| OS Version         | Ubuntu 22.04.4 LTS
| CPU Name           | 13th Gen Intel(R) Core(TM) i7-1355U
| CPU Cores          | 12
| RAM                | 7.8G
| Davon genutzt      | 505M
+----------------------------------------------------------------+
+----------------------------------------------------------------+
|                        Systemleistungen                        |
+----------------------------------------------------------------+
| Akt. Syszeit       | 09:02:42
| Akt. Syslaufzeit   | up 44 minutes
| Speicher           | 953G
| Davon genutzt      | 149G
| Hostname           | Tims-Notebook
| IPv4               | 172.18.11.157
| OS Name            | Linux
| OS Version         | Ubuntu 22.04.4 LTS
| CPU Name           | 13th Gen Intel(R) Core(TM) i7-1355U
| CPU Cores          | 12
| RAM                | 7.8G
| Davon genutzt      | 505M
+----------------------------------------------------------------+
+----------------------------------------------------------------+
|                        Systemleistungen                        |
+----------------------------------------------------------------+
| Akt. Syszeit       | 09:08:51
| Akt. Syslaufzeit   | up 50 minutes
| Speicher           | 953G
| Davon genutzt      | 149G
| Hostname           | Tims-Notebook
| IPv4               | 172.18.11.157
| OS Name            | Linux
| OS Version         | Ubuntu 22.04.4 LTS
| CPU Name           | 13th Gen Intel(R) Core(TM) i7-1355U
| CPU Cores          | 12
| RAM                | 7.8G
| Davon genutzt      | 504M
+----------------------------------------------------------------+
